0 info it worked if it ends with ok
1 verbose cli [ 'C:\\Program Files (x86)\\nodejs\\node.exe',
1 verbose cli   'C:\\Program Files (x86)\\nodejs\\node_modules\\npm\\bin\\npm-cli.js',
1 verbose cli   'run',
1 verbose cli   'start' ]
2 info using npm@3.10.8
3 info using node@v6.9.1
4 verbose run-script [ 'prestart', 'start', 'poststart' ]
5 info lifecycle server_ui@1.0.0~prestart: server_ui@1.0.0
6 verbose lifecycle server_ui@1.0.0~prestart: unsafe-perm in lifecycle true
7 verbose lifecycle server_ui@1.0.0~prestart: PATH: C:\Program Files (x86)\nodejs\node_modules\npm\bin\node-gyp-bin;C:\Users\mlang\Documents\capstone\AudioEffectsBox\server_ui\node_modules\.bin;C:\Program Files (x86)\Intel\iCLS Client\;C:\Program Files\Intel\iCLS Client\;C:\Windows\system32;C:\Windows;C:\Windows\System32\Wbem;C:\Windows\System32\WindowsPowerShell\v1.0\;C:\Program Files (x86)\NVIDIA Corporation\PhysX\Common;C:\Program Files (x86)\Intel\Intel(R) Management Engine Components\DAL;C:\Program Files\Intel\Intel(R) Management Engine Components\DAL;C:\Program Files (x86)\Intel\Intel(R) Management Engine Components\IPT;C:\Program Files\Intel\Intel(R) Management Engine Components\IPT;C:\Program Files\Intel\WiFi\bin\;C:\Program Files\Common Files\Intel\WirelessCommon\;C:\Program Files (x86)\PharosSystems\Core;C:\WINDOWS\system32;C:\WINDOWS;C:\WINDOWS\System32\Wbem;C:\WINDOWS\System32\WindowsPowerShell\v1.0\;C:\Program Files (x86)\Skype\Phone\;C:\WINDOWS\system32\config\systemprofile\.dnx\bin;C:\Program Files\Microsoft DNX\Dnvm\;C:\Program Files\Microsoft SQL Server\130\Tools\Binn\;C:\Program Files (x86)\Windows Kits\8.1\Windows Performance Toolkit\;C:\Program Files (x86)\nodejs\;C:\Program Files\Git;C:\Program Files\Git\bin;C:\Program Files (x86)\Brackets\command;C:\Users\mlang\Documents\WebDevelopment\ReactInit;C:\Users\mlang\Documents\capstone\AudioEffectsBox;C:\Python27;C:\Users\mlang\AppData\Roaming\npm;C:\Program Files (x86)\nodejs;C:\Users\mlang\Documents\WebDevelopment\ReactInit;C:\Users\mlang\Documents\capstone\AudioEffectsBox;%USERPROFILE%\AppData\Local\Microsoft\WindowsApps;
8 verbose lifecycle server_ui@1.0.0~prestart: CWD: C:\Users\mlang\Documents\capstone\AudioEffectsBox\server_ui
9 silly lifecycle server_ui@1.0.0~prestart: Args: [ '/d /s /c', 'webpack' ]
10 silly lifecycle server_ui@1.0.0~prestart: Returned: code: 0  signal: null
11 info lifecycle server_ui@1.0.0~start: server_ui@1.0.0
12 verbose lifecycle server_ui@1.0.0~start: unsafe-perm in lifecycle true
13 verbose lifecycle server_ui@1.0.0~start: PATH: C:\Program Files (x86)\nodejs\node_modules\npm\bin\node-gyp-bin;C:\Users\mlang\Documents\capstone\AudioEffectsBox\server_ui\node_modules\.bin;C:\Program Files (x86)\Intel\iCLS Client\;C:\Program Files\Intel\iCLS Client\;C:\Windows\system32;C:\Windows;C:\Windows\System32\Wbem;C:\Windows\System32\WindowsPowerShell\v1.0\;C:\Program Files (x86)\NVIDIA Corporation\PhysX\Common;C:\Program Files (x86)\Intel\Intel(R) Management Engine Components\DAL;C:\Program Files\Intel\Intel(R) Management Engine Components\DAL;C:\Program Files (x86)\Intel\Intel(R) Management Engine Components\IPT;C:\Program Files\Intel\Intel(R) Management Engine Components\IPT;C:\Program Files\Intel\WiFi\bin\;C:\Program Files\Common Files\Intel\WirelessCommon\;C:\Program Files (x86)\PharosSystems\Core;C:\WINDOWS\system32;C:\WINDOWS;C:\WINDOWS\System32\Wbem;C:\WINDOWS\System32\WindowsPowerShell\v1.0\;C:\Program Files (x86)\Skype\Phone\;C:\WINDOWS\system32\config\systemprofile\.dnx\bin;C:\Program Files\Microsoft DNX\Dnvm\;C:\Program Files\Microsoft SQL Server\130\Tools\Binn\;C:\Program Files (x86)\Windows Kits\8.1\Windows Performance Toolkit\;C:\Program Files (x86)\nodejs\;C:\Program Files\Git;C:\Program Files\Git\bin;C:\Program Files (x86)\Brackets\command;C:\Users\mlang\Documents\WebDevelopment\ReactInit;C:\Users\mlang\Documents\capstone\AudioEffectsBox;C:\Python27;C:\Users\mlang\AppData\Roaming\npm;C:\Program Files (x86)\nodejs;C:\Users\mlang\Documents\WebDevelopment\ReactInit;C:\Users\mlang\Documents\capstone\AudioEffectsBox;%USERPROFILE%\AppData\Local\Microsoft\WindowsApps;
14 verbose lifecycle server_ui@1.0.0~start: CWD: C:\Users\mlang\Documents\capstone\AudioEffectsBox\server_ui
15 silly lifecycle server_ui@1.0.0~start: Args: [ '/d /s /c', 'node app/appServer.js' ]
16 silly lifecycle server_ui@1.0.0~start: Returned: code: 3221225786  signal: null
17 info lifecycle server_ui@1.0.0~start: Failed to exec start script
18 verbose stack Error: server_ui@1.0.0 start: `node app/appServer.js`
18 verbose stack Exit status 3221225786
18 verbose stack     at EventEmitter.<anonymous> (C:\Program Files (x86)\nodejs\node_modules\npm\lib\utils\lifecycle.js:255:16)
18 verbose stack     at emitTwo (events.js:106:13)
18 verbose stack     at EventEmitter.emit (events.js:191:7)
18 verbose stack     at ChildProcess.<anonymous> (C:\Program Files (x86)\nodejs\node_modules\npm\lib\utils\spawn.js:40:14)
18 verbose stack     at emitTwo (events.js:106:13)
18 verbose stack     at ChildProcess.emit (events.js:191:7)
18 verbose stack     at maybeClose (internal/child_process.js:877:16)
18 verbose stack     at Process.ChildProcess._handle.onexit (internal/child_process.js:226:5)
19 verbose pkgid server_ui@1.0.0
20 verbose cwd C:\Users\mlang\Documents\capstone\AudioEffectsBox\server_ui
21 error Windows_NT 10.0.14393
22 error argv "C:\\Program Files (x86)\\nodejs\\node.exe" "C:\\Program Files (x86)\\nodejs\\node_modules\\npm\\bin\\npm-cli.js" "run" "start"
23 error node v6.9.1
24 error npm  v3.10.8
25 error code ELIFECYCLE
26 error server_ui@1.0.0 start: `node app/appServer.js`
26 error Exit status 3221225786
27 error Failed at the server_ui@1.0.0 start script 'node app/appServer.js'.
27 error Make sure you have the latest version of node.js and npm installed.
27 error If you do, this is most likely a problem with the server_ui package,
27 error not with npm itself.
27 error Tell the author that this fails on your system:
27 error     node app/appServer.js
27 error You can get information on how to open an issue for this project with:
27 error     npm bugs server_ui
27 error Or if that isn't available, you can get their info via:
27 error     npm owner ls server_ui
27 error There is likely additional logging output above.
28 verbose exit [ 1, true ]
